[INFO] Scanning for projects...
[INFO] 
[INFO] --------------------< com.business:bus-management >---------------------
[INFO] Building bus-management 0.0.1-SNAPSHOT
[INFO]   from pom.xml
[INFO] --------------------------------[ jar ]---------------------------------
[INFO] 
[INFO] >>> spring-boot:3.2.0:run (default-cli) > test-compile @ bus-management >>>
[INFO] 
[INFO] --- resources:3.3.1:resources (default-resources) @ bus-management ---
[INFO] Copying 1 resource from src\main\resources to target\classes
[INFO] Copying 0 resource from src\main\resources to target\classes
[INFO] 
[INFO] --- compiler:3.11.0:compile (default-compile) @ bus-management ---
[INFO] Nothing to compile - all classes are up to date
[INFO] 
[INFO] --- resources:3.3.1:testResources (default-testResources) @ bus-management ---
[INFO] skip non existing resourceDirectory D:\metbus\BUS\backend\src\test\resources
[INFO] 
[INFO] --- compiler:3.11.0:testCompile (default-testCompile) @ bus-management ---
[INFO] Nothing to compile - all classes are up to date
[INFO] 
[INFO] <<< spring-boot:3.2.0:run (default-cli) < test-compile @ bus-management <<<
[INFO] 
[INFO] 
[INFO] --- spring-boot:3.2.0:run (default-cli) @ bus-management ---
[INFO] Attaching agents: []

  .   ____          _            __ _ _
 /\\ / ___'_ __ _ _(_)_ __  __ _ \ \ \ \
( ( )\___ | '_ | '_| | '_ \/ _` | \ \ \ \
 \\/  ___)| |_)| | | | | || (_| |  ) ) ) )
  '  |____| .__|_| |_|_| |_\__, | / / / /
 =========|_|==============|___/=/_/_/_/
 :: Spring Boot ::                (v3.2.0)

2026-06-26T15:09:37.769+07:00  INFO 13156 --- [  restartedMain] c.b.b.BusManagementApplication           : Starting BusManagementApplication using Java 21.0.7 with PID 13156 (D:\metbus\BUS\backend\target\classes started by FPTSHOP in D:\metbus\BUS\backend)
2026-06-26T15:09:37.771+07:00 DEBUG 13156 --- [  restartedMain] c.b.b.BusManagementApplication           : Running with Spring Boot v3.2.0, Spring v6.1.1
2026-06-26T15:09:37.772+07:00  INFO 13156 --- [  restartedMain] c.b.b.BusManagementApplication           : No active profile set, falling back to 1 default profile: "default"
2026-06-26T15:09:37.815+07:00  INFO 13156 --- [  restartedMain] .e.DevToolsPropertyDefaultsPostProcessor : Devtools property defaults active! Set 'spring.devtools.add-properties' to 'false' to disable
2026-06-26T15:09:37.816+07:00  INFO 13156 --- [  restartedMain] .e.DevToolsPropertyDefaultsPostProcessor : For additional web related logging consider setting the 'logging.level.web' property to 'DEBUG'
2026-06-26T15:09:38.362+07:00  INFO 13156 --- [  restartedMain] .s.d.r.c.RepositoryConfigurationDelegate : Bootstrapping Spring Data JPA repositories in DEFAULT mode.
2026-06-26T15:09:38.431+07:00  INFO 13156 --- [  restartedMain] .s.d.r.c.RepositoryConfigurationDelegate : Finished Spring Data repository scanning in 61 ms. Found 14 JPA repository interfaces.
2026-06-26T15:09:38.919+07:00  INFO 13156 --- [  restartedMain] o.s.b.w.embedded.tomcat.TomcatWebServer  : Tomcat initialized with port 8080 (http)
2026-06-26T15:09:38.927+07:00  INFO 13156 --- [  restartedMain] o.apache.catalina.core.StandardService   : Starting service [Tomcat]
2026-06-26T15:09:38.927+07:00  INFO 13156 --- [  restartedMain] o.apache.catalina.core.StandardEngine    : Starting Servlet engine: [Apache Tomcat/10.1.16]
2026-06-26T15:09:38.961+07:00  INFO 13156 --- [  restartedMain] o.a.c.c.C.[Tomcat].[localhost].[/]       : Initializing Spring embedded WebApplicationContext
2026-06-26T15:09:38.962+07:00  INFO 13156 --- [  restartedMain] w.s.c.ServletWebServerApplicationContext : Root WebApplicationContext: initialization completed in 1145 ms
2026-06-26T15:09:39.063+07:00  INFO 13156 --- [  restartedMain] o.hibernate.jpa.internal.util.LogHelper  : HHH000204: Processing PersistenceUnitInfo [name: default]
2026-06-26T15:09:39.107+07:00  INFO 13156 --- [  restartedMain] org.hibernate.Version                    : HHH000412: Hibernate ORM core version 6.3.1.Final
2026-06-26T15:09:39.132+07:00  INFO 13156 --- [  restartedMain] o.h.c.internal.RegionFactoryInitiator    : HHH000026: Second-level cache disabled
2026-06-26T15:09:39.299+07:00  INFO 13156 --- [  restartedMain] o.s.o.j.p.SpringPersistenceUnitInfo      : No LoadTimeWeaver setup: ignoring JPA class transformer
2026-06-26T15:09:39.320+07:00  INFO 13156 --- [  restartedMain] com.zaxxer.hikari.HikariDataSource       : HikariPool-1 - Starting...
2026-06-26T15:09:39.441+07:00  INFO 13156 --- [  restartedMain] com.zaxxer.hikari.pool.HikariPool        : HikariPool-1 - Added connection com.mysql.cj.jdbc.ConnectionImpl@2ceba2aa
2026-06-26T15:09:39.442+07:00  INFO 13156 --- [  restartedMain] com.zaxxer.hikari.HikariDataSource       : HikariPool-1 - Start completed.
2026-06-26T15:09:39.473+07:00  WARN 13156 --- [  restartedMain] org.hibernate.orm.deprecation            : HHH90000025: MySQL8Dialect does not need to be specified explicitly using 'hibernate.dialect' (remove the property setting and it will be selected by default)
2026-06-26T15:09:39.473+07:00  WARN 13156 --- [  restartedMain] org.hibernate.orm.deprecation            : HHH90000026: MySQL8Dialect has been deprecated; use org.hibernate.dialect.MySQLDialect instead
2026-06-26T15:09:40.330+07:00  INFO 13156 --- [  restartedMain] o.h.e.t.j.p.i.JtaPlatformInitiator       : HHH000489: No JTA platform available (set 'hibernate.transaction.jta.platform' to enable JTA platform integration)
2026-06-26T15:09:40.449+07:00  INFO 13156 --- [  restartedMain] j.LocalContainerEntityManagerFactoryBean : Initialized JPA EntityManagerFactory for persistence unit 'default'
2026-06-26T15:09:40.837+07:00 DEBUG 13156 --- [  restartedMain] c.b.b.config.JwtAuthenticationFilter     : Filter 'jwtAuthenticationFilter' configured for use
2026-06-26T15:09:40.904+07:00  INFO 13156 --- [  restartedMain] o.s.d.j.r.query.QueryEnhancerFactory     : Hibernate is in classpath; If applicable, HQL parser will be used.
2026-06-26T15:09:41.938+07:00  WARN 13156 --- [  restartedMain] JpaBaseConfiguration$JpaWebConfiguration : spring.jpa.open-in-view is enabled by default. Therefore, database queries may be performed during view rendering. Explicitly configure spring.jpa.open-in-view to disable this warning
2026-06-26T15:09:41.954+07:00  WARN 13156 --- [  restartedMain] .s.s.UserDetailsServiceAutoConfiguration : 

Using generated security password: 96599af0-437a-44fb-9d0e-53c145a7fea4

This generated password is for development use only. Your security configuration must be updated before running your application in production.

2026-06-26T15:09:42.211+07:00  INFO 13156 --- [  restartedMain] o.s.s.web.DefaultSecurityFilterChain     : Will secure any request with [org.springframework.security.web.session.DisableEncodeUrlFilter@5e1ea93, org.springframework.security.web.context.request.async.WebAsyncManagerIntegrationFilter@106d07e8, org.springframework.security.web.context.SecurityContextHolderFilter@1119a122, org.springframework.security.web.header.HeaderWriterFilter@45e69410, org.springframework.web.filter.CorsFilter@3c60fb35, org.springframework.security.web.authentication.logout.LogoutFilter@1301bd94, org.springframework.security.web.savedrequest.RequestCacheAwareFilter@28db6c38, org.springframework.security.web.servletapi.SecurityContextHolderAwareRequestFilter@2ee1c5b5, com.business.busmanagement.config.JwtAuthenticationFilter@1c1ac211, org.springframework.security.web.authentication.AnonymousAuthenticationFilter@2d1071fa, org.springframework.security.web.session.SessionManagementFilter@66765a66, org.springframework.security.web.access.ExceptionTranslationFilter@36a839d2, org.springframework.security.web.access.intercept.AuthorizationFilter@52f8fc23]
2026-06-26T15:09:42.416+07:00  INFO 13156 --- [  restartedMain] o.s.b.d.a.OptionalLiveReloadServer       : LiveReload server is running on port 35729
2026-06-26T15:09:42.451+07:00  INFO 13156 --- [  restartedMain] o.s.b.w.embedded.tomcat.TomcatWebServer  : Tomcat started on port 8080 (http) with context path ''
2026-06-26T15:09:42.456+07:00  INFO 13156 --- [  restartedMain] c.b.b.BusManagementApplication           : Started BusManagementApplication in 4.961 seconds (process running for 5.304)
Hibernate: 
    select
        r1_0.id,
        r1_0.description,
        r1_0.name 
    from
        roles r1_0 
    where
        r1_0.name=?
Hibernate: 
    select
        r1_0.id,
        r1_0.description,
        r1_0.name 
    from
        roles r1_0 
    where
        r1_0.name=?
2026-06-26T15:09:42.573+07:00  INFO 13156 --- [  restartedMain] c.b.b.config.DataInitializer             : Roles initialization checked/completed
Hibernate: 
    select
        r1_0.id,
        r1_0.description,
        r1_0.name 
    from
        roles r1_0 
    where
        r1_0.name=?
Hibernate: 
    select
        u1_0.id,
        u1_0.created_at,
        u1_0.email,
        u1_0.password_hash,
        u1_0.phone,
        u1_0.role_id,
        u1_0.status,
        u1_0.username 
    from
        users u1_0 
    where
        u1_0.username=?
Hibernate: 
    select
        u1_0.id,
        u1_0.created_at,
        u1_0.email,
        u1_0.password_hash,
        u1_0.phone,
        u1_0.role_id,
        u1_0.status,
        u1_0.username,
        p1_0.user_id,
        p1_0.id,
        p1_0.email,
        p1_0.full_name,
        p1_0.id_card,
        p1_0.phone 
    from
        users u1_0 
    left join
        passengers p1_0 
            on u1_0.id=p1_0.user_id 
    where
        u1_0.id=?
Hibernate: 
    update
        users 
    set
        created_at=?,
        email=?,
        password_hash=?,
        phone=?,
        role_id=?,
        status=?,
        username=? 
    where
        id=?
2026-06-26T15:09:42.740+07:00  INFO 13156 --- [  restartedMain] c.b.b.config.DataInitializer             : Users initialized
Hibernate: 
    select
        count(*) 
    from
        routes r1_0
Hibernate: 
    select
        count(*) 
    from
        buses b1_0
Hibernate: 
    select
        count(*) 
    from
        employees e1_0
2026-06-26T15:09:42.763+07:00  INFO 13156 --- [  restartedMain] c.b.b.config.DataInitializer             : Data initialization completed
2026-06-26T15:09:42.763+07:00  INFO 13156 --- [  restartedMain] c.b.b.config.DatabaseInspector           : ========== DATABASE INSPECTOR (Final State) ==========
2026-06-26T15:09:42.763+07:00  INFO 13156 --- [  restartedMain] c.b.b.config.DatabaseInspector           : --- ROLES ---
2026-06-26T15:09:42.764+07:00  INFO 13156 --- [  restartedMain] c.b.b.config.DatabaseInspector           :   Role[id=1, name='ADMIN']
2026-06-26T15:09:42.764+07:00  INFO 13156 --- [  restartedMain] c.b.b.config.DatabaseInspector           :   Role[id=3, name='CUSTOMER']
2026-06-26T15:09:42.765+07:00  INFO 13156 --- [  restartedMain] c.b.b.config.DatabaseInspector           : --- USERS ---
2026-06-26T15:09:42.765+07:00  INFO 13156 --- [  restartedMain] c.b.b.config.DatabaseInspector           :   User[username='admin', status='ACTIVE', role='ADMIN', password='BCRYPT($2a$10$...)']
2026-06-26T15:09:42.766+07:00  INFO 13156 --- [  restartedMain] c.b.b.config.DatabaseInspector           :   User[username='levuhao10jq@gmail.com', status='ACTIVE', role='CUSTOMER', password='BCRYPT($2a$10$...)']
2026-06-26T15:09:42.766+07:00  INFO 13156 --- [  restartedMain] c.b.b.config.DatabaseInspector           :   User[username='levuhao', status='ACTIVE', role='CUSTOMER', password='BCRYPT($2a$10$...)']
2026-06-26T15:09:42.766+07:00  INFO 13156 --- [  restartedMain] c.b.b.config.DatabaseInspector           :   User[username='testuser1', status='ACTIVE', role='CUSTOMER', password='BCRYPT($2a$10$...)']
2026-06-26T15:09:42.766+07:00  INFO 13156 --- [  restartedMain] c.b.b.config.DatabaseInspector           :   User[username='vnpaytest', status='ACTIVE', role='CUSTOMER', password='BCRYPT($2a$10$...)']
2026-06-26T15:09:42.766+07:00  INFO 13156 --- [  restartedMain] c.b.b.config.DatabaseInspector           :   User[username='vnpaytest2', status='ACTIVE', role='CUSTOMER', password='BCRYPT($2a$10$...)']
2026-06-26T15:09:42.767+07:00  INFO 13156 --- [  restartedMain] c.b.b.config.DatabaseInspector           :   User[username='testvnpay', status='ACTIVE', role='CUSTOMER', password='BCRYPT($2a$10$...)']
2026-06-26T15:09:42.767+07:00  INFO 13156 --- [  restartedMain] c.b.b.config.DatabaseInspector           :   User[username='vnpaytest1307403650', status='ACTIVE', role='CUSTOMER', password='BCRYPT($2a$10$...)']
2026-06-26T15:09:42.767+07:00  INFO 13156 --- [  restartedMain] c.b.b.config.DatabaseInspector           :   User[username='vnpayfinal1326988457', status='ACTIVE', role='CUSTOMER', password='BCRYPT($2a$10$...)']
2026-06-26T15:09:42.767+07:00  INFO 13156 --- [  restartedMain] c.b.b.config.DatabaseInspector           :   User[username='debugticket1413512757', status='ACTIVE', role='CUSTOMER', password='BCRYPT($2a$10$...)']
2026-06-26T15:09:42.768+07:00  INFO 13156 --- [  restartedMain] c.b.b.config.DatabaseInspector           : ======================================================
[INFO] ------------------------------------------------------------------------
[INFO] BUILD FAILURE
[INFO] ------------------------------------------------------------------------
[INFO] Total time:  40.048 s
[INFO] Finished at: 2026-06-26T15:10:15+07:00
[INFO] ------------------------------------------------------------------------
[ERROR] Failed to execute goal org.springframework.boot:spring-boot-maven-plugin:3.2.0:run (default-cli) on project bus-management: Process terminated with exit code: 1 -> [Help 1]
[ERROR] 
[ERROR] To see the full stack trace of the errors, re-run Maven with the -e switch.
[ERROR] Re-run Maven using the -X switch to enable full debug logging.
[ERROR] 
[ERROR] For more information about the errors and possible solutions, please read the following articles:
[ERROR] [Help 1] http://cwiki.apache.org/confluence/display/MAVEN/MojoExecutionException
